[02-Feb-2026 03:37:58 UTC] PHP Warning:  require_once(../core/Database.php): Failed to open stream: No such file or directory in /var/www/html/ksp_polri/backend/app/models/User.php on line 3
[02-Feb-2026 03:37:58 UTC] PHP Fatal error:  Uncaught Error: Failed opening required '../core/Database.php' (include_path='.:/usr/share/php') in /var/www/html/ksp_polri/backend/app/models/User.php:3
Stack trace:
#0 /var/www/html/ksp_polri/backend/app/controllers/AuthController.php(3): require_once()
#1 /var/www/html/ksp_polri/backend/app/core/Router.php(12): require('...')
#2 /var/www/html/ksp_polri/backend/public/index.php(15): Router::route()
#3 {main}
  thrown in /var/www/html/ksp_polri/backend/app/models/User.php on line 3
[02-Feb-2026 03:38:36 UTC] PHP Warning:  require_once(../core/Database.php): Failed to open stream: No such file or directory in /var/www/html/ksp_polri/backend/app/models/User.php on line 3
[02-Feb-2026 03:38:36 UTC] PHP Fatal error:  Uncaught Error: Failed opening required '../core/Database.php' (include_path='.:/usr/share/php') in /var/www/html/ksp_polri/backend/app/models/User.php:3
Stack trace:
#0 /var/www/html/ksp_polri/backend/app/controllers/AuthController.php(3): require_once()
#1 /var/www/html/ksp_polri/backend/app/core/Router.php(12): require('...')
#2 /var/www/html/ksp_polri/backend/public/index.php(15): Router::route()
#3 {main}
  thrown in /var/www/html/ksp_polri/backend/app/models/User.php on line 3
[02-Feb-2026 03:40:45 UTC] PHP Warning:  require_once(../core/Database.php): Failed to open stream: No such file or directory in /var/www/html/ksp_polri/backend/app/models/User.php on line 3
[02-Feb-2026 03:40:45 UTC] PHP Fatal error:  Uncaught Error: Failed opening required '../core/Database.php' (include_path='.:/usr/share/php') in /var/www/html/ksp_polri/backend/app/models/User.php:3
Stack trace:
#0 /var/www/html/ksp_polri/backend/app/controllers/AuthController.php(3): require_once()
#1 /var/www/html/ksp_polri/backend/app/core/Router.php(12): require('...')
#2 /var/www/html/ksp_polri/backend/public/index.php(15): Router::route()
#3 {main}
  thrown in /var/www/html/ksp_polri/backend/app/models/User.php on line 3
[02-Feb-2026 03:40:58 UTC] AlamatDB Connection Error: SQLSTATE[HY000] [1045] Access denied for user 'root'@'localhost' (using password: NO)
[02-Feb-2026 03:41:03 UTC] PHP Warning:  require_once(../core/Database.php): Failed to open stream: No such file or directory in /var/www/html/ksp_polri/backend/app/models/User.php on line 3
[02-Feb-2026 03:41:03 UTC] PHP Fatal error:  Uncaught Error: Failed opening required '../core/Database.php' (include_path='.:/usr/share/php') in /var/www/html/ksp_polri/backend/app/models/User.php:3
Stack trace:
#0 /var/www/html/ksp_polri/backend/app/controllers/AuthController.php(3): require_once()
#1 /var/www/html/ksp_polri/backend/app/core/Router.php(20): require('...')
#2 /var/www/html/ksp_polri/backend/public/index.php(15): Router::route()
#3 {main}
  thrown in /var/www/html/ksp_polri/backend/app/models/User.php on line 3
[02-Feb-2026 03:41:31 UTC] PHP Warning:  require_once(../core/Database.php): Failed to open stream: No such file or directory in /var/www/html/ksp_polri/backend/app/models/User.php on line 3
[02-Feb-2026 03:41:31 UTC] PHP Fatal error:  Uncaught Error: Failed opening required '../core/Database.php' (include_path='.:/usr/share/php') in /var/www/html/ksp_polri/backend/app/models/User.php:3
Stack trace:
#0 /var/www/html/ksp_polri/backend/app/controllers/AuthController.php(3): require_once()
#1 /var/www/html/ksp_polri/backend/app/core/Router.php(24): require('...')
#2 /var/www/html/ksp_polri/backend/public/index.php(15): Router::route()
#3 {main}
  thrown in /var/www/html/ksp_polri/backend/app/models/User.php on line 3
[02-Feb-2026 03:42:17 UTC] PHP Warning:  require_once(../core/Database.php): Failed to open stream: No such file or directory in /var/www/html/ksp_polri/backend/app/models/User.php on line 3
[02-Feb-2026 03:42:17 UTC] PHP Fatal error:  Uncaught Error: Failed opening required '../core/Database.php' (include_path='.:/usr/share/php') in /var/www/html/ksp_polri/backend/app/models/User.php:3
Stack trace:
#0 /var/www/html/ksp_polri/backend/app/controllers/AuthController.php(3): require_once()
#1 /var/www/html/ksp_polri/backend/app/core/Router.php(12): require('...')
#2 /var/www/html/ksp_polri/backend/public/index.php(15): Router::route()
#3 {main}
  thrown in /var/www/html/ksp_polri/backend/app/models/User.php on line 3
[02-Feb-2026 03:42:44 UTC] PHP Warning:  require_once(../core/Database.php): Failed to open stream: No such file or directory in /var/www/html/ksp_polri/backend/app/models/User.php on line 3
[02-Feb-2026 03:42:44 UTC] PHP Fatal error:  Uncaught Error: Failed opening required '../core/Database.php' (include_path='.:/usr/share/php') in /var/www/html/ksp_polri/backend/app/models/User.php:3
Stack trace:
#0 /var/www/html/ksp_polri/backend/app/controllers/AuthController.php(3): require_once()
#1 /var/www/html/ksp_polri/backend/app/core/Router.php(12): require('...')
#2 /var/www/html/ksp_polri/backend/public/index.php(15): Router::route()
#3 {main}
  thrown in /var/www/html/ksp_polri/backend/app/models/User.php on line 3
[02-Feb-2026 03:44:12 UTC] AlamatDB Connection Error: SQLSTATE[HY000] [1045] Access denied for user 'root'@'localhost' (using password: NO)
[02-Feb-2026 03:59:39 UTC] PHP Warning:  require_once(../core/Database.php): Failed to open stream: No such file or directory in /var/www/html/ksp_polri/backend/app/models/User.php on line 3
[02-Feb-2026 03:59:39 UTC] PHP Fatal error:  Uncaught Error: Failed opening required '../core/Database.php' (include_path='.:/usr/share/php') in /var/www/html/ksp_polri/backend/app/models/User.php:3
Stack trace:
#0 /var/www/html/ksp_polri/backend/app/controllers/AuthController.php(3): require_once()
#1 /var/www/html/ksp_polri/backend/app/core/Router.php(12): require('...')
#2 /var/www/html/ksp_polri/backend/public/index.php(15): Router::route()
#3 {main}
  thrown in /var/www/html/ksp_polri/backend/app/models/User.php on line 3
[02-Feb-2026 03:59:52 UTC] PHP Warning:  require_once(../core/Database.php): Failed to open stream: No such file or directory in /var/www/html/ksp_polri/backend/app/models/User.php on line 3
[02-Feb-2026 03:59:52 UTC] PHP Fatal error:  Uncaught Error: Failed opening required '../core/Database.php' (include_path='.:/usr/share/php') in /var/www/html/ksp_polri/backend/app/models/User.php:3
Stack trace:
#0 /var/www/html/ksp_polri/backend/app/controllers/AuthController.php(3): require_once()
#1 /var/www/html/ksp_polri/backend/app/core/Router.php(20): require('...')
#2 /var/www/html/ksp_polri/backend/public/index.php(15): Router::route()
#3 {main}
  thrown in /var/www/html/ksp_polri/backend/app/models/User.php on line 3
[02-Feb-2026 03:59:54 UTC] PHP Warning:  require_once(../core/Database.php): Failed to open stream: No such file or directory in /var/www/html/ksp_polri/backend/app/models/User.php on line 3
[02-Feb-2026 03:59:54 UTC] PHP Fatal error:  Uncaught Error: Failed opening required '../core/Database.php' (include_path='.:/usr/share/php') in /var/www/html/ksp_polri/backend/app/models/User.php:3
Stack trace:
#0 /var/www/html/ksp_polri/backend/app/controllers/AuthController.php(3): require_once()
#1 /var/www/html/ksp_polri/backend/app/core/Router.php(24): require('...')
#2 /var/www/html/ksp_polri/backend/public/index.php(15): Router::route()
#3 {main}
  thrown in /var/www/html/ksp_polri/backend/app/models/User.php on line 3
[02-Feb-2026 04:01:25 UTC] PHP Warning:  require_once(../core/Database.php): Failed to open stream: No such file or directory in /var/www/html/ksp_polri/backend/app/models/User.php on line 3
[02-Feb-2026 04:01:25 UTC] PHP Fatal error:  Uncaught Error: Failed opening required '../core/Database.php' (include_path='.:/usr/share/php') in /var/www/html/ksp_polri/backend/app/models/User.php:3
Stack trace:
#0 /var/www/html/ksp_polri/backend/app/controllers/AuthController.php(3): require_once()
#1 /var/www/html/ksp_polri/backend/app/core/Router.php(12): require('...')
#2 /var/www/html/ksp_polri/backend/public/index.php(15): Router::route()
#3 {main}
  thrown in /var/www/html/ksp_polri/backend/app/models/User.php on line 3
[02-Feb-2026 06:58:30 UTC] PHP Warning:  require_once(../core/Database.php): Failed to open stream: No such file or directory in /var/www/html/ksp_polri/backend/app/models/User.php on line 3
[02-Feb-2026 06:58:30 UTC] PHP Fatal error:  Uncaught Error: Failed opening required '../core/Database.php' (include_path='.:/usr/share/php') in /var/www/html/ksp_polri/backend/app/models/User.php:3
Stack trace:
#0 /var/www/html/ksp_polri/backend/app/controllers/AuthController.php(3): require_once()
#1 /var/www/html/ksp_polri/backend/app/core/Router.php(12): require('...')
#2 /var/www/html/ksp_polri/backend/public/index.php(15): Router::route()
#3 {main}
  thrown in /var/www/html/ksp_polri/backend/app/models/User.php on line 3
[02-Feb-2026 07:00:01 UTC] PHP Warning:  require_once(../core/Database.php): Failed to open stream: No such file or directory in /var/www/html/ksp_polri/backend/app/models/User.php on line 3
[02-Feb-2026 07:00:01 UTC] PHP Fatal error:  Uncaught Error: Failed opening required '../core/Database.php' (include_path='.:/usr/share/php') in /var/www/html/ksp_polri/backend/app/models/User.php:3
Stack trace:
#0 /var/www/html/ksp_polri/backend/app/controllers/AuthController.php(3): require_once()
#1 /var/www/html/ksp_polri/backend/app/core/Router.php(12): require('...')
#2 /var/www/html/ksp_polri/backend/public/index.php(15): Router::route()
#3 {main}
  thrown in /var/www/html/ksp_polri/backend/app/models/User.php on line 3
[02-Feb-2026 07:00:13 UTC] PHP Warning:  require_once(../core/Database.php): Failed to open stream: No such file or directory in /var/www/html/ksp_polri/backend/app/models/User.php on line 3
[02-Feb-2026 07:00:13 UTC] PHP Fatal error:  Uncaught Error: Failed opening required '../core/Database.php' (include_path='.:/usr/share/php') in /var/www/html/ksp_polri/backend/app/models/User.php:3
Stack trace:
#0 /var/www/html/ksp_polri/backend/app/controllers/AuthController.php(3): require_once()
#1 /var/www/html/ksp_polri/backend/app/core/Router.php(12): require('...')
#2 /var/www/html/ksp_polri/backend/public/index.php(15): Router::route()
#3 {main}
  thrown in /var/www/html/ksp_polri/backend/app/models/User.php on line 3
[02-Feb-2026 07:01:35 UTC] PHP Warning:  require_once(../core/Database.php): Failed to open stream: No such file or directory in /var/www/html/ksp_polri/backend/app/models/User.php on line 3
[02-Feb-2026 07:01:35 UTC] PHP Fatal error:  Uncaught Error: Failed opening required '../core/Database.php' (include_path='.:/usr/share/php') in /var/www/html/ksp_polri/backend/app/models/User.php:3
Stack trace:
#0 /var/www/html/ksp_polri/backend/app/controllers/AuthController.php(3): require_once()
#1 /var/www/html/ksp_polri/backend/app/core/Router.php(12): require('...')
#2 /var/www/html/ksp_polri/backend/public/index.php(15): Router::route()
#3 {main}
  thrown in /var/www/html/ksp_polri/backend/app/models/User.php on line 3
[02-Feb-2026 07:01:45 UTC] PHP Warning:  require_once(../core/Database.php): Failed to open stream: No such file or directory in /var/www/html/ksp_polri/backend/app/models/User.php on line 3
[02-Feb-2026 07:01:45 UTC] PHP Fatal error:  Uncaught Error: Failed opening required '../core/Database.php' (include_path='.:/usr/share/php') in /var/www/html/ksp_polri/backend/app/models/User.php:3
Stack trace:
#0 /var/www/html/ksp_polri/backend/app/controllers/AuthController.php(3): require_once()
#1 /var/www/html/ksp_polri/backend/app/core/Router.php(12): require('...')
#2 /var/www/html/ksp_polri/backend/public/index.php(15): Router::route()
#3 {main}
  thrown in /var/www/html/ksp_polri/backend/app/models/User.php on line 3
[02-Feb-2026 07:02:31 UTC] PHP Warning:  require_once(../core/Database.php): Failed to open stream: No such file or directory in /var/www/html/ksp_polri/backend/app/models/User.php on line 3
[02-Feb-2026 07:02:31 UTC] PHP Fatal error:  Uncaught Error: Failed opening required '../core/Database.php' (include_path='.:/usr/share/php') in /var/www/html/ksp_polri/backend/app/models/User.php:3
Stack trace:
#0 /var/www/html/ksp_polri/backend/app/controllers/AuthController.php(3): require_once()
#1 /var/www/html/ksp_polri/backend/app/core/Router.php(12): require('...')
#2 /var/www/html/ksp_polri/backend/public/index.php(15): Router::route()
#3 {main}
  thrown in /var/www/html/ksp_polri/backend/app/models/User.php on line 3
[02-Feb-2026 07:07:00 UTC] PHP Warning:  require_once(../core/Database.php): Failed to open stream: No such file or directory in /var/www/html/ksp_polri/backend/app/models/User.php on line 3
[02-Feb-2026 07:07:00 UTC] PHP Fatal error:  Uncaught Error: Failed opening required '../core/Database.php' (include_path='.:/usr/share/php') in /var/www/html/ksp_polri/backend/app/models/User.php:3
Stack trace:
#0 /var/www/html/ksp_polri/backend/app/controllers/AuthController.php(3): require_once()
#1 /var/www/html/ksp_polri/backend/app/core/Router.php(12): require('...')
#2 /var/www/html/ksp_polri/backend/public/index.php(15): Router::route()
#3 {main}
  thrown in /var/www/html/ksp_polri/backend/app/models/User.php on line 3
[02-Feb-2026 07:09:25 UTC] PHP Warning:  require_once(../core/Database.php): Failed to open stream: No such file or directory in /var/www/html/ksp_polri/backend/app/models/User.php on line 3
[02-Feb-2026 07:09:25 UTC] PHP Fatal error:  Uncaught Error: Failed opening required '../core/Database.php' (include_path='.:/usr/share/php') in /var/www/html/ksp_polri/backend/app/models/User.php:3
Stack trace:
#0 /var/www/html/ksp_polri/backend/app/controllers/AuthController.php(3): require_once()
#1 /var/www/html/ksp_polri/backend/app/core/Router.php(12): require('...')
#2 /var/www/html/ksp_polri/backend/public/index.php(15): Router::route()
#3 {main}
  thrown in /var/www/html/ksp_polri/backend/app/models/User.php on line 3
[02-Feb-2026 07:21:06 UTC] PHP Warning:  require_once(../core/Database.php): Failed to open stream: No such file or directory in /var/www/html/ksp_polri/backend/app/models/User.php on line 3
[02-Feb-2026 07:21:06 UTC] PHP Fatal error:  Uncaught Error: Failed opening required '../core/Database.php' (include_path='.:/usr/share/php') in /var/www/html/ksp_polri/backend/app/models/User.php:3
Stack trace:
#0 /var/www/html/ksp_polri/backend/app/controllers/AuthController.php(3): require_once()
#1 /var/www/html/ksp_polri/backend/app/core/Router.php(12): require('...')
#2 /var/www/html/ksp_polri/backend/public/index.php(15): Router::route()
#3 {main}
  thrown in /var/www/html/ksp_polri/backend/app/models/User.php on line 3
[02-Feb-2026 07:21:06 UTC] AlamatDB Connection Error: SQLSTATE[HY000] [1045] Access denied for user 'root'@'localhost' (using password: NO)
[02-Feb-2026 07:21:06 UTC] AlamatDB Connection Error: SQLSTATE[HY000] [1045] Access denied for user 'root'@'localhost' (using password: NO)
[02-Feb-2026 07:21:06 UTC] PHP Warning:  require_once(../core/Database.php): Failed to open stream: No such file or directory in /var/www/html/ksp_polri/backend/app/models/User.php on line 3
[02-Feb-2026 07:21:06 UTC] PHP Fatal error:  Uncaught Error: Failed opening required '../core/Database.php' (include_path='.:/usr/share/php') in /var/www/html/ksp_polri/backend/app/models/User.php:3
Stack trace:
#0 /var/www/html/ksp_polri/backend/app/controllers/AuthController.php(3): require_once()
#1 /var/www/html/ksp_polri/backend/app/core/Router.php(16): require('...')
#2 /var/www/html/ksp_polri/backend/public/index.php(15): Router::route()
#3 {main}
  thrown in /var/www/html/ksp_polri/backend/app/models/User.php on line 3
[02-Feb-2026 07:21:12 UTC] PHP Warning:  require_once(../core/Database.php): Failed to open stream: No such file or directory in /var/www/html/ksp_polri/backend/app/models/User.php on line 3
[02-Feb-2026 07:21:12 UTC] PHP Fatal error:  Uncaught Error: Failed opening required '../core/Database.php' (include_path='.:/usr/share/php') in /var/www/html/ksp_polri/backend/app/models/User.php:3
Stack trace:
#0 /var/www/html/ksp_polri/backend/app/controllers/AuthController.php(3): require_once()
#1 /var/www/html/ksp_polri/backend/app/core/Router.php(12): require('...')
#2 /var/www/html/ksp_polri/backend/public/index.php(15): Router::route()
#3 {main}
  thrown in /var/www/html/ksp_polri/backend/app/models/User.php on line 3
[02-Feb-2026 07:21:12 UTC] PHP Warning:  require_once(../core/Database.php): Failed to open stream: No such file or directory in /var/www/html/ksp_polri/backend/app/models/User.php on line 3
[02-Feb-2026 07:21:12 UTC] PHP Fatal error:  Uncaught Error: Failed opening required '../core/Database.php' (include_path='.:/usr/share/php') in /var/www/html/ksp_polri/backend/app/models/User.php:3
Stack trace:
#0 /var/www/html/ksp_polri/backend/app/controllers/AuthController.php(3): require_once()
#1 /var/www/html/ksp_polri/backend/app/core/Router.php(16): require('...')
#2 /var/www/html/ksp_polri/backend/public/index.php(15): Router::route()
#3 {main}
  thrown in /var/www/html/ksp_polri/backend/app/models/User.php on line 3
[02-Feb-2026 07:21:12 UTC] AlamatDB Connection Error: SQLSTATE[HY000] [1045] Access denied for user 'root'@'localhost' (using password: NO)
[02-Feb-2026 07:21:12 UTC] AlamatDB Connection Error: SQLSTATE[HY000] [1045] Access denied for user 'root'@'localhost' (using password: NO)
[02-Feb-2026 07:21:23 UTC] PHP Warning:  require_once(../core/Database.php): Failed to open stream: No such file or directory in /var/www/html/ksp_polri/backend/app/models/User.php on line 3
[02-Feb-2026 07:21:23 UTC] PHP Fatal error:  Uncaught Error: Failed opening required '../core/Database.php' (include_path='.:/usr/share/php') in /var/www/html/ksp_polri/backend/app/models/User.php:3
Stack trace:
#0 /var/www/html/ksp_polri/backend/app/controllers/AuthController.php(3): require_once()
#1 /var/www/html/ksp_polri/backend/app/core/Router.php(12): require('...')
#2 /var/www/html/ksp_polri/backend/public/index.php(15): Router::route()
#3 {main}
  thrown in /var/www/html/ksp_polri/backend/app/models/User.php on line 3
[02-Feb-2026 07:21:23 UTC] AlamatDB Connection Error: SQLSTATE[HY000] [1045] Access denied for user 'root'@'localhost' (using password: NO)
[02-Feb-2026 07:21:23 UTC] AlamatDB Connection Error: SQLSTATE[HY000] [1045] Access denied for user 'root'@'localhost' (using password: NO)
[02-Feb-2026 07:21:23 UTC] PHP Warning:  require_once(../core/Database.php): Failed to open stream: No such file or directory in /var/www/html/ksp_polri/backend/app/models/User.php on line 3
[02-Feb-2026 07:21:23 UTC] PHP Fatal error:  Uncaught Error: Failed opening required '../core/Database.php' (include_path='.:/usr/share/php') in /var/www/html/ksp_polri/backend/app/models/User.php:3
Stack trace:
#0 /var/www/html/ksp_polri/backend/app/controllers/AuthController.php(3): require_once()
#1 /var/www/html/ksp_polri/backend/app/core/Router.php(16): require('...')
#2 /var/www/html/ksp_polri/backend/public/index.php(15): Router::route()
#3 {main}
  thrown in /var/www/html/ksp_polri/backend/app/models/User.php on line 3
[02-Feb-2026 07:21:33 UTC] PHP Warning:  require_once(../core/Database.php): Failed to open stream: No such file or directory in /var/www/html/ksp_polri/backend/app/models/User.php on line 3
[02-Feb-2026 07:21:33 UTC] PHP Fatal error:  Uncaught Error: Failed opening required '../core/Database.php' (include_path='.:/usr/share/php') in /var/www/html/ksp_polri/backend/app/models/User.php:3
Stack trace:
#0 /var/www/html/ksp_polri/backend/app/controllers/AuthController.php(3): require_once()
#1 /var/www/html/ksp_polri/backend/app/core/Router.php(12): require('...')
#2 /var/www/html/ksp_polri/backend/public/index.php(15): Router::route()
#3 {main}
  thrown in /var/www/html/ksp_polri/backend/app/models/User.php on line 3
[02-Feb-2026 07:21:33 UTC] PHP Warning:  require_once(../core/Database.php): Failed to open stream: No such file or directory in /var/www/html/ksp_polri/backend/app/models/User.php on line 3
[02-Feb-2026 07:21:33 UTC] PHP Fatal error:  Uncaught Error: Failed opening required '../core/Database.php' (include_path='.:/usr/share/php') in /var/www/html/ksp_polri/backend/app/models/User.php:3
Stack trace:
#0 /var/www/html/ksp_polri/backend/app/controllers/AuthController.php(3): require_once()
#1 /var/www/html/ksp_polri/backend/app/core/Router.php(16): require('...')
#2 /var/www/html/ksp_polri/backend/public/index.php(15): Router::route()
#3 {main}
  thrown in /var/www/html/ksp_polri/backend/app/models/User.php on line 3
[02-Feb-2026 07:21:33 UTC] AlamatDB Connection Error: SQLSTATE[HY000] [1045] Access denied for user 'root'@'localhost' (using password: NO)
[02-Feb-2026 07:21:33 UTC] AlamatDB Connection Error: SQLSTATE[HY000] [1045] Access denied for user 'root'@'localhost' (using password: NO)
[02-Feb-2026 07:25:08 UTC] PHP Warning:  require_once(../core/Database.php): Failed to open stream: No such file or directory in /var/www/html/ksp_polri/backend/app/models/User.php on line 3
[02-Feb-2026 07:25:08 UTC] PHP Fatal error:  Uncaught Error: Failed opening required '../core/Database.php' (include_path='.:/usr/share/php') in /var/www/html/ksp_polri/backend/app/models/User.php:3
Stack trace:
#0 /var/www/html/ksp_polri/backend/app/controllers/AuthController.php(3): require_once()
#1 /var/www/html/ksp_polri/backend/app/core/Router.php(12): require('...')
#2 /var/www/html/ksp_polri/backend/public/index.php(15): Router::route()
#3 {main}
  thrown in /var/www/html/ksp_polri/backend/app/models/User.php on line 3
[02-Feb-2026 07:25:08 UTC] AlamatDB Connection Error: SQLSTATE[HY000] [1045] Access denied for user 'root'@'localhost' (using password: NO)
[02-Feb-2026 07:25:08 UTC] AlamatDB Connection Error: SQLSTATE[HY000] [1045] Access denied for user 'root'@'localhost' (using password: NO)
[02-Feb-2026 07:25:08 UTC] PHP Warning:  require_once(../core/Database.php): Failed to open stream: No such file or directory in /var/www/html/ksp_polri/backend/app/models/User.php on line 3
[02-Feb-2026 07:25:08 UTC] PHP Fatal error:  Uncaught Error: Failed opening required '../core/Database.php' (include_path='.:/usr/share/php') in /var/www/html/ksp_polri/backend/app/models/User.php:3
Stack trace:
#0 /var/www/html/ksp_polri/backend/app/controllers/AuthController.php(3): require_once()
#1 /var/www/html/ksp_polri/backend/app/core/Router.php(16): require('...')
#2 /var/www/html/ksp_polri/backend/public/index.php(15): Router::route()
#3 {main}
  thrown in /var/www/html/ksp_polri/backend/app/models/User.php on line 3
[02-Feb-2026 07:30:58 UTC] PHP Warning:  require_once(../core/Database.php): Failed to open stream: No such file or directory in /var/www/html/ksp_polri/backend/app/models/User.php on line 3
[02-Feb-2026 07:30:58 UTC] PHP Fatal error:  Uncaught Error: Failed opening required '../core/Database.php' (include_path='.:/usr/share/php') in /var/www/html/ksp_polri/backend/app/models/User.php:3
Stack trace:
#0 /var/www/html/ksp_polri/backend/app/controllers/AuthController.php(3): require_once()
#1 /var/www/html/ksp_polri/backend/app/core/Router.php(12): require('...')
#2 /var/www/html/ksp_polri/backend/public/index.php(15): Router::route()
#3 {main}
  thrown in /var/www/html/ksp_polri/backend/app/models/User.php on line 3
[02-Feb-2026 07:30:58 UTC] AlamatDB Connection Error: SQLSTATE[HY000] [1045] Access denied for user 'root'@'localhost' (using password: NO)
[02-Feb-2026 07:30:58 UTC] AlamatDB Connection Error: SQLSTATE[HY000] [1045] Access denied for user 'root'@'localhost' (using password: NO)
[02-Feb-2026 07:30:58 UTC] PHP Warning:  require_once(../core/Database.php): Failed to open stream: No such file or directory in /var/www/html/ksp_polri/backend/app/models/User.php on line 3
[02-Feb-2026 07:30:58 UTC] PHP Fatal error:  Uncaught Error: Failed opening required '../core/Database.php' (include_path='.:/usr/share/php') in /var/www/html/ksp_polri/backend/app/models/User.php:3
Stack trace:
#0 /var/www/html/ksp_polri/backend/app/controllers/AuthController.php(3): require_once()
#1 /var/www/html/ksp_polri/backend/app/core/Router.php(16): require('...')
#2 /var/www/html/ksp_polri/backend/public/index.php(15): Router::route()
#3 {main}
  thrown in /var/www/html/ksp_polri/backend/app/models/User.php on line 3
[02-Feb-2026 07:31:06 UTC] PHP Warning:  require_once(../core/Database.php): Failed to open stream: No such file or directory in /var/www/html/ksp_polri/backend/app/models/User.php on line 3
[02-Feb-2026 07:31:06 UTC] PHP Fatal error:  Uncaught Error: Failed opening required '../core/Database.php' (include_path='.:/usr/share/php') in /var/www/html/ksp_polri/backend/app/models/User.php:3
Stack trace:
#0 /var/www/html/ksp_polri/backend/app/controllers/AuthController.php(3): require_once()
#1 /var/www/html/ksp_polri/backend/app/core/Router.php(12): require('...')
#2 /var/www/html/ksp_polri/backend/public/index.php(15): Router::route()
#3 {main}
  thrown in /var/www/html/ksp_polri/backend/app/models/User.php on line 3
[02-Feb-2026 07:31:06 UTC] AlamatDB Connection Error: SQLSTATE[HY000] [1045] Access denied for user 'root'@'localhost' (using password: NO)
[02-Feb-2026 07:31:06 UTC] AlamatDB Connection Error: SQLSTATE[HY000] [1045] Access denied for user 'root'@'localhost' (using password: NO)
[02-Feb-2026 07:31:06 UTC] PHP Warning:  require_once(../core/Database.php): Failed to open stream: No such file or directory in /var/www/html/ksp_polri/backend/app/models/User.php on line 3
[02-Feb-2026 07:31:06 UTC] PHP Fatal error:  Uncaught Error: Failed opening required '../core/Database.php' (include_path='.:/usr/share/php') in /var/www/html/ksp_polri/backend/app/models/User.php:3
Stack trace:
#0 /var/www/html/ksp_polri/backend/app/controllers/AuthController.php(3): require_once()
#1 /var/www/html/ksp_polri/backend/app/core/Router.php(16): require('...')
#2 /var/www/html/ksp_polri/backend/public/index.php(15): Router::route()
#3 {main}
  thrown in /var/www/html/ksp_polri/backend/app/models/User.php on line 3
